<?xml version="1.0" encoding="UTF-8"?>
<testng-results ignored="0" total="1" passed="1" failed="0" skipped="0">
  <reporter-output>
  </reporter-output>
  <suite started-at="2025-09-27T19:11:09 IST" name="Default suite" finished-at="2025-09-27T19:11:38 IST" duration-ms="28714">
    <groups>
    </groups>
    <test started-at="2025-09-27T19:11:09 IST" name="Default test" finished-at="2025-09-27T19:11:38 IST" duration-ms="28714">
      <class name="Pract.Upload_Practices">
        <test-method is-config="true" signature="setUp()[pri:0, instance:Pract.Upload_Practices@9d5509a]" started-at="2025-09-27T19:11:09 IST" name="setUp" finished-at="2025-09-27T19:11:19 IST" duration-ms="9312" status="PASS">
          <reporter-output>
          </reporter-output>
        </test-method> <!-- setUp -->
        <test-method signature="load()[pri:0, instance:Pract.Upload_Practices@9d5509a]" started-at="2025-09-27T19:11:19 IST" name="load" finished-at="2025-09-27T19:11:36 IST" duration-ms="16795" status="PASS">
          <reporter-output>
          </reporter-output>
        </test-method> <!-- load -->
        <test-method is-config="true" signature="tearDown()[pri:0, instance:Pract.Upload_Practices@9d5509a]" started-at="2025-09-27T19:11:36 IST" name="tearDown" finished-at="2025-09-27T19:11:38 IST" duration-ms="2527" status="PASS">
          <reporter-output>
          </reporter-output>
        </test-method> <!-- tearDown -->
      </class> <!-- Pract.Upload_Practices -->
    </test> <!-- Default test -->
  </suite> <!-- Default suite -->
</testng-results>
