<?xml version="1.0" encoding="UTF-8"?>
<testng-results ignored="0" total="1" passed="1" failed="0" skipped="0">
  <reporter-output>
  </reporter-output>
  <suite started-at="2025-10-05T13:55:50 IST" name="Default suite" finished-at="2025-10-05T13:55:53 IST" duration-ms="3517">
    <groups>
    </groups>
    <test started-at="2025-10-05T13:55:50 IST" name="Default test" finished-at="2025-10-05T13:55:53 IST" duration-ms="3517">
      <class name="aPI_Practice.pract1">
        <test-method signature="test001()[pri:0, instance:aPI_Practice.pract1@776aec5c]" started-at="2025-10-05T13:55:50 IST" name="test001" finished-at="2025-10-05T13:55:53 IST" duration-ms="3412" status="PASS">
          <reporter-output>
          </reporter-output>
        </test-method> <!-- test001 -->
      </class> <!-- aPI_Practice.pract1 -->
    </test> <!-- Default test -->
  </suite> <!-- Default suite -->
</testng-results>
